timestamp: 2014-08-19T05:46:52.709000
CREATE TABLE account(
    id INTEGER PRIMARY KEY AUTOINCREMENT,
    email CHAR(512) UNIQUE
);
success!
timestamp: 2014-08-19T10:04:36.964000
CREATE TABLE subscripstion(
    id INTEGER PRIMARY KEY AUTOINCREMENT,
    email CHAR(512),
    link CHAR(512),
    price CHAR(512)
);
success!
timestamp: 2014-08-25T22:42:29
CREATE TABLE subscription(
    id INTEGER PRIMARY KEY AUTOINCREMENT,
    email CHAR(512),
    link CHAR(512),
    price CHAR(512)
);
success!
success!
